---------------------------------------------------------------------------------------------
Symbol Table : global						Parent: NULL
---------------------------------------------------------------------------------------------
Name			Type		Initial Value	Size	Offset		Nested Table
g1				int			-				4		0			NULL
g2				int			-				4		4			NULL
g3				char			'a'				1		8			NULL
t0				char			'a'				1		9			NULL
foo				funct			-				-1		10			foo
main				funct			-				4		9			main
---------------------------------------------------------------------------------------------

---------------------------------------------------------------------------------------------
Symbol Table : foo						Parent: global
---------------------------------------------------------------------------------------------
Name			Type		Initial Value	Size	Offset		Nested Table
a				int			-				4		0			NULL
b				int			-				4		4			NULL
i				int			-				4		8			NULL
t1				int							4		12			NULL
---------------------------------------------------------------------------------------------

---------------------------------------------------------------------------------------------
Symbol Table : main						Parent: global
---------------------------------------------------------------------------------------------
Name			Type		Initial Value	Size	Offset		Nested Table
return				int			-				4		0			NULL
f1				float			2.3				8		4			NULL
t2				float			2.3				8		12			NULL
f2				float			-				8		20			NULL
n1				int			-				4		28			NULL
n2				int			10				4		32			NULL
t3				int			10				4		36			NULL
n3				ptr(int)			-				4		40			NULL
c1				char			-				1		44			NULL
c2				array(80, char)			-				80		45			NULL
t4				int			80				4		125			NULL
str1				ptr(char)			"Hello World"				4		129			NULL
t5				ptr(char)			"Hello World"				4		133			NULL
str2				ptr(char)			-				4		137			NULL
t6				int							4		141			NULL
t7				int			22				4		145			NULL
t8				int							4		149			NULL
t9				int			0				4		153			NULL
---------------------------------------------------------------------------------------------

1   : t0 = 'a'
2   : g3 = t0
3   : foo:
4   : foo:
5   : t1 = a + b
6   : i = t1
7   : return 
8   : main:
9   : t2 = 2.3
10  : f1 = t2
11  : t3 = 10
12  : n2 = t3
13  : t4 = 80
14  : str1 = t5
15  : f1 = f2
16  : t6 = float2int(f2)
17  : n2 = t6
18  : n1 = t6
19  : t7 = 22
20  : t8 = t7 * 1
21  : c2[t8] = c1
22  : t9 = 0
23  : return t9
