---------------------------------------------------------------------------------------------
Symbol Table : global						Parent: NULL
---------------------------------------------------------------------------------------------
Name			Type		Initial Value	Size	Offset		Nested Table
add_loop				funct			-				4		0			add_loop
main				funct			-				4		4			main
---------------------------------------------------------------------------------------------

---------------------------------------------------------------------------------------------
Symbol Table : add_loop						Parent: global
---------------------------------------------------------------------------------------------
Name			Type		Initial Value	Size	Offset		Nested Table
a				array(0, int)			-				0		0			NULL
n				int			-				4		0			NULL
return				int			-				4		4			NULL
csum				int			0				4		8			NULL
t0				int			0				4		12			NULL
i				int			-				4		16			NULL
t1				int			0				4		20			NULL
t2				int							4		24			NULL
t3				int							4		28			NULL
t4				int							4		32			NULL
t5				int							4		36			NULL
---------------------------------------------------------------------------------------------

---------------------------------------------------------------------------------------------
Symbol Table : main						Parent: global
---------------------------------------------------------------------------------------------
Name			Type		Initial Value	Size	Offset		Nested Table
return				int			-				4		0			NULL
n				int			10				4		4			NULL
t6				int			10				4		8			NULL
a				array(10, int)			-				40		12			NULL
ans				int			-				4		52			NULL
csum				int			-				4		56			NULL
add_loop				int			-				4		60			NULL
t7				int							4		64			NULL
main_0				block			-				4		68			main_0
main_1				block			-				4		72			main_1
main_2				block			-				4		76			main_2
t11				int			0				4		80			NULL
---------------------------------------------------------------------------------------------

---------------------------------------------------------------------------------------------
Symbol Table : main_0						Parent: main
---------------------------------------------------------------------------------------------
Name			Type		Initial Value	Size	Offset		Nested Table
ans				int			-				4		0			NULL
t8				int			0				4		4			NULL
---------------------------------------------------------------------------------------------

---------------------------------------------------------------------------------------------
Symbol Table : main_1						Parent: main
---------------------------------------------------------------------------------------------
Name			Type		Initial Value	Size	Offset		Nested Table
ans				int			-				4		0			NULL
csum				int			-				4		4			NULL
n				int			-				4		8			NULL
t9				int							4		12			NULL
---------------------------------------------------------------------------------------------

---------------------------------------------------------------------------------------------
Symbol Table : main_2						Parent: main
---------------------------------------------------------------------------------------------
Name			Type		Initial Value	Size	Offset		Nested Table
ans				int			-				4		0			NULL
t10				int			1				4		4			NULL
---------------------------------------------------------------------------------------------

1   : add_loop:
2   : t0 = 0
3   : csum = t0
4   : t1 = 0
5   : i = t1
6   : if i < n goto 11
7   : goto 16
8   : t2 = i
9   : i = i + 1
10  : goto 6
11  : t3 = i * 4
12  : t4 = a[t3]
13  : t5 = csum + t4
14  : csum = t5
15  : goto 8
16  : return csum
17  : main:
18  : t6 = 10
19  : n = t6
20  : param a
21  : param n
22  : t7 = call add_loop, 2
23  : csum = t7
24  : if csum == n goto 26
25  : goto 30
26  : main_0:
27  : t8 = 0
28  : ans = t8
29  : goto 39
30  : if csum > n goto 32
31  : goto 36
32  : main_1:
33  : t9 = csum - n
34  : ans = t9
35  : goto 39
36  : main_2:
37  : t10 = 1
38  : ans = t10
39  : t11 = 0
40  : return t11
