============================================================================================================================================
Table Name: global		 Parent Name: None
============================================================================================================================================
Name                Type                                    Initial Value       Offset              Size                Child               

main                function                                                    0                   4                   main                
--------------------------------------------------------------------------------------------------------------------------------------------


============================================================================================================================================
Table Name: main		 Parent Name: global
============================================================================================================================================
Name                Type                                    Initial Value       Offset              Size                Child               

return              int                                                         0                   4                   NULL                
n1                  int                                                         4                   4                   NULL                
n2                  int                                                         8                   4                   NULL                
n3                  int                                                         12                  4                   NULL                
f1                  ptr(float)                                                  16                  4                   NULL                
f2                  ptr(ptr(float))                                             20                  4                   NULL                
t0                  ptr(ptr(float))                                             24                  4                   NULL                
t1                  ptr(float)                                                  28                  4                   NULL                
t2                  float                                                       32                  8                   NULL                
t3                  ptr(float)                                                  40                  4                   NULL                
t4                  float                                                       44                  8                   NULL                
t5                  ptr(float)                                                  52                  4                   NULL                
t6                  float                                                       56                  8                   NULL                
t7                  float                                                       64                  8                   NULL                
t8                  int                                                         72                  4                   NULL                
t9                  int                                                         76                  4                   NULL                
t10                 int                                                         80                  4                   NULL                
t11                 int                                     0                   84                  4                   NULL                
--------------------------------------------------------------------------------------------------------------------------------------------


1   : main:
2   : t0 = &f1
3   : f2 = t0
4   : t1 = *f2
5   : f1 = t1
6   : t2 = *f1
7   : t3 = *f2
8   : t4 = *t3
9   : *t2 = t4
10  : t5 = *f2
11  : t6 = *t5
12  : t7 = *f1
13  : *t6 = t7
14  : n1 = n1 + 1
15  : t8 = n2
16  : n2 = n2 + 1
17  : t9 = ~n2
18  : n3 = t9
19  : n3 = n2
20  : t10 = -n2
21  : n3 = t10
22  : t11 = 0
23  : return t11
