---------------------------------------------------------------------------------------------
Symbol Table : global						Parent: NULL
---------------------------------------------------------------------------------------------
Name			Type		Initial Value	Size	Offset		Nested Table
mod				int			-				4		0			NULL
binpow				funct			-				4		4			binpow
gcd				funct			-				4		8			gcd
main				funct			-				4		12			main
---------------------------------------------------------------------------------------------

---------------------------------------------------------------------------------------------
Symbol Table : binpow						Parent: global
---------------------------------------------------------------------------------------------
Name			Type		Initial Value	Size	Offset		Nested Table
a				int			-				4		0			NULL
b				int			-				4		4			NULL
return				int			-				4		8			NULL
ans				int			1				4		12			NULL
t0				int			1				4		16			NULL
t1				int			0				4		20			NULL
binpow_0				block			-				4		24			binpow_0
---------------------------------------------------------------------------------------------

---------------------------------------------------------------------------------------------
Symbol Table : binpow_0						Parent: binpow
---------------------------------------------------------------------------------------------
Name			Type		Initial Value	Size	Offset		Nested Table
b				int			-				4		0			NULL
t2				int			1				4		4			NULL
t3				int							4		8			NULL
t4				int			0				4		12			NULL
ans				int			-				4		16			NULL
a				int			-				4		20			NULL
t5				int							4		24			NULL
mod				int			-				4		28			NULL
t6				int							4		32			NULL
t7				int							4		36			NULL
t8				int							4		40			NULL
t9				int			1				4		44			NULL
t10				int							4		48			NULL
---------------------------------------------------------------------------------------------

---------------------------------------------------------------------------------------------
Symbol Table : gcd						Parent: global
---------------------------------------------------------------------------------------------
Name			Type		Initial Value	Size	Offset		Nested Table
a				int			-				4		0			NULL
b				int			-				4		4			NULL
return				int			-				4		8			NULL
t11				int			0				4		12			NULL
gcd				int			-				4		16			NULL
t12				int							4		20			NULL
t13				int							4		24			NULL
---------------------------------------------------------------------------------------------

---------------------------------------------------------------------------------------------
Symbol Table : main						Parent: global
---------------------------------------------------------------------------------------------
Name			Type		Initial Value	Size	Offset		Nested Table
return				int			-				4		0			NULL
a				int			9				4		4			NULL
t14				int			9				4		8			NULL
b				int			3				4		12			NULL
t15				int			3				4		16			NULL
gcd				int			-				4		20			NULL
t16				int							4		24			NULL
binpow				int			-				4		28			NULL
t17				int							4		32			NULL
t18				int							4		36			NULL
t19				int			0				4		40			NULL
---------------------------------------------------------------------------------------------

1   : binpow:
2   : t0 = 1
3   : ans = t0
4   : t1 = 0
5   : if b != t1 goto 7
6   : goto 24
7   : binpow_0:
8   : t2 = 1
9   : t3 = b & t2
10  : t4 = 0
11  : if t3 != t4 goto 13
12  : goto 17
13  : t5 = ans * a
14  : t6 = t5 % mod
15  : ans = t6
16  : goto 17
17  : t7 = a * a
18  : t8 = t7 % mod
19  : a = t8
20  : t9 = 1
21  : t10 = b >> t9
22  : b = t10
23  : goto 4
24  : return ans
25  : gcd:
26  : t11 = 0
27  : if b == t11 goto 29
28  : goto 31
29  : return a
30  : goto 31
31  : param b
32  : t12 = a % b
33  : param t12
34  : t13 = call gcd, 2
35  : return t13
36  : main:
37  : t14 = 9
38  : a = t14
39  : t15 = 3
40  : b = t15
41  : param a
42  : param b
43  : t16 = call gcd, 2
44  : a = a + 1
45  : param a
46  : t17 = b
47  : b = b + 1
48  : param t17
49  : t18 = call binpow, 2
50  : t19 = 0
51  : return t19
