---------------------------------------------------------------------------------------------
Symbol Table : global						Parent: NULL
---------------------------------------------------------------------------------------------
Name			Type		Initial Value	Size	Offset		Nested Table
main				funct			-				4		0			main
---------------------------------------------------------------------------------------------

---------------------------------------------------------------------------------------------
Symbol Table : main						Parent: global
---------------------------------------------------------------------------------------------
Name			Type		Initial Value	Size	Offset		Nested Table
return				int			-				4		0			NULL
a1				array(10, int)			-				40		4			NULL
t0				int			10				4		44			NULL
a2				array(10, array(20, int))			-				800		48			NULL
t1				int			10				4		848			NULL
t2				int			20				4		852			NULL
a3				array(5, array(10, array(15, int)))			-				3000		856			NULL
t3				int			5				4		3856			NULL
t4				int			10				4		3860			NULL
t5				int			15				4		3864			NULL
f1				ptr(float)			-				4		3868			NULL
f2				ptr(ptr(float))			-				4		3872			NULL
f3				ptr(ptr(ptr(float)))			-				4		3876			NULL
t6				int			5				4		3880			NULL
t7				int							4		3884			NULL
t8				int			1				4		3888			NULL
t9				int							4		3892			NULL
t10				int			2				4		3896			NULL
t11				int							4		3900			NULL
t12				int							4		3904			NULL
t13				int							4		3908			NULL
t14				int			5				4		3912			NULL
t15				int							4		3916			NULL
t16				int			6				4		3920			NULL
t17				int							4		3924			NULL
t18				int							4		3928			NULL
t19				int			1				4		3932			NULL
t20				int							4		3936			NULL
t21				int			2				4		3940			NULL
t22				int							4		3944			NULL
t23				int							4		3948			NULL
t24				int			3				4		3952			NULL
t25				int							4		3956			NULL
t26				int							4		3960			NULL
t27				int							4		3964			NULL
t28				int			0				4		3968			NULL
t29				int							4		3972			NULL
t30				int			0				4		3976			NULL
t31				int							4		3980			NULL
t32				int							4		3984			NULL
t33				int			0				4		3988			NULL
t34				int							4		3992			NULL
t35				int							4		3996			NULL
t36				ptr(ptr(float))							4		4000			NULL
t37				ptr(float)							4		4004			NULL
t38				float							8		4008			NULL
t39				int							4		4016			NULL
t40				ptr(ptr(float))							4		4020			NULL
t41				ptr(float)							4		4024			NULL
t42				float							8		4028			NULL
t43				ptr(float)							4		4036			NULL
t44				float							8		4040			NULL
t45				ptr(float)							4		4048			NULL
t46				float							8		4052			NULL
t47				int			9				4		4060			NULL
t48				int							4		4064			NULL
t49				int			19				4		4068			NULL
t50				int							4		4072			NULL
t51				int							4		4076			NULL
t52				int							4		4080			NULL
t53				float							8		4084			NULL
t54				float							8		4092			NULL
t55				ptr(float)							4		4100			NULL
t56				float							8		4104			NULL
t57				int			0				4		4112			NULL
---------------------------------------------------------------------------------------------

Three Address Codes:
1: main:
2: t0 = 10
3: t1 = 10
4: t2 = 20
5: t3 = 5
6: t4 = 10
7: t5 = 15
8: t6 = 5
9: t7 = t6 * 4
10: t8 = 1
11: t9 = t8 * 80
12: t10 = 2
13: t12 = t10 * 4
14: t11 = t9 + t12
15: t13 = a2[t11]
16: a1[t7] = t13
17: t14 = 5
18: t15 = t14 * 80
19: t16 = 6
20: t18 = t16 * 4
21: t17 = t15 + t18
22: t19 = 1
23: t20 = t19 * 600
24: t21 = 2
25: t23 = t21 * 60
26: t22 = t20 + t23
27: t24 = 3
28: t26 = t24 * 4
29: t25 = t22 + t26
30: t27 = a3[t25]
31: a2[t17] = t27
32: t28 = 0
33: t29 = t28 * 600
34: t30 = 0
35: t32 = t30 * 60
36: t31 = t29 + t32
37: t33 = 0
38: t35 = t33 * 4
39: t34 = t31 + t35
40: t36 = *f3
41: t37 = *t36
42: t38 = *t37
43: t39 = float2int(t38)
44: a3[t34] = t39
45: t40 = *f3
46: t41 = *t40
47: t42 = *t41
48: t43 = *f2
49: t44 = *t43
50: *t42 = t44
51: t45 = *f2
52: t46 = *t45
53: t47 = 9
54: t48 = t47 * 80
55: t49 = 19
56: t51 = t49 * 4
57: t50 = t48 + t51
58: t52 = a2[t50]
59: t53 = int2float(t52)
60: *t46 = t53
61: t54 = *f1
62: t55 = *f2
63: t56 = *t55
64: *t54 = t56
65: t57 = 0
66: return t57
