============================================================================================================================================
Table Name: global		 Parent Name: None
============================================================================================================================================
Name                Type                                    Initial Value       Offset              Size                Child               

main                function                                                    0                   4                   main                
--------------------------------------------------------------------------------------------------------------------------------------------


============================================================================================================================================
Table Name: main		 Parent Name: global
============================================================================================================================================
Name                Type                                    Initial Value       Offset              Size                Child               

return              int                                                         0                   4                   NULL                
n1                  int                                                         4                   4                   NULL                
n2                  int                                                         8                   4                   NULL                
n3                  int                                                         12                  4                   NULL                
f1                  float                                                       16                  8                   NULL                
f2                  float                                                       24                  8                   NULL                
f3                  float                                                       32                  8                   NULL                
t0                  int                                     2                   40                  4                   NULL                
t1                  int                                                         44                  4                   NULL                
t2                  int                                     2                   48                  4                   NULL                
t3                  int                                                         52                  4                   NULL                
t4                  int                                                         56                  4                   NULL                
t5                  float                                                       60                  8                   NULL                
t6                  float                                                       68                  8                   NULL                
t7                  int                                                         76                  4                   NULL                
t8                  int                                                         80                  4                   NULL                
t9                  int                                                         84                  4                   NULL                
t10                 float                                                       88                  8                   NULL                
t11                 float                                                       96                  8                   NULL                
t12                 float                                                       104                 8                   NULL                
t13                 int                                                         112                 4                   NULL                
t14                 int                                                         116                 4                   NULL                
t15                 int                                                         120                 4                   NULL                
t16                 int                                                         124                 4                   NULL                
t17                 int                                                         128                 4                   NULL                
t18                 int                                     0                   132                 4                   NULL                
--------------------------------------------------------------------------------------------------------------------------------------------


1   : main:
2   : t0 = 2
3   : t1 = n2 << t0
4   : n1 = t1
5   : t2 = 2
6   : t3 = n1 >> t2
7   : n2 = t3
8   : t4 = n1 * n2
9   : t5 = INT_TO_Float(t4)
10  : t6 = t5 / f3
11  : t7 = Float_TO_Int(t6)
12  : n3 = t7
13  : t8 = -n2
14  : t9 = t8 - n3
15  : t10 = INT_TO_Float(t9)
16  : t11 = t10 * f1
17  : t12 = f1 + t11
18  : f2 = t12
19  : t13 = n2 ^ n3
20  : n1 = t13
21  : t14 = n1 & n2
22  : t15 = t14 | n3
23  : n2 = t15
24  : t16 = n2 | n3
25  : t17 = n1 & t16
26  : n3 = t17
27  : t18 = 0
28  : return t18
