---------------------------------------------------------------------------------------------
Symbol Table : global						Parent: NULL
---------------------------------------------------------------------------------------------
Name			Type		Initial Value	Size	Offset		Nested Table
main				funct			-				4		0			main
---------------------------------------------------------------------------------------------

---------------------------------------------------------------------------------------------
Symbol Table : main						Parent: global
---------------------------------------------------------------------------------------------
Name			Type		Initial Value	Size	Offset		Nested Table
return				int			-				4		0			NULL
i				int			-				4		4			NULL
j				int			-				4		8			NULL
k				int			-				4		12			NULL
l				int			-				4		16			NULL
main_0				block			-				4		20			main_0
t0				int			0				4		24			NULL
---------------------------------------------------------------------------------------------

---------------------------------------------------------------------------------------------
Symbol Table : main_0						Parent: main
---------------------------------------------------------------------------------------------
Name			Type		Initial Value	Size	Offset		Nested Table
j				int			-				4		0			NULL
i				int			-				4		4			NULL
l				int			-				4		8			NULL
k				int			-				4		12			NULL
---------------------------------------------------------------------------------------------

1   : main:
2   : if i < j goto 4
3   : goto 23
4   : if k > l goto 6
5   : goto 23
6   : main_0:
7   : j = i
8   : l = k
9   : if i <= l goto 13
10  : goto 11
11  : if j >= k goto 13
12  : goto 15
13  : j = k
14  : goto 23
15  : if i == j goto 17
16  : goto 21
17  : if k != l goto 19
18  : goto 21
19  : i = l
20  : goto 23
21  : i = k
22  : goto 23
23  : t0 = 0
24  : return t0
