---------------------------------------------------------------------------------------------
Symbol Table : global						Parent: NULL
---------------------------------------------------------------------------------------------
Name			Type		Initial Value	Size	Offset		Nested Table
main				funct			-				4		0			main
---------------------------------------------------------------------------------------------

---------------------------------------------------------------------------------------------
Symbol Table : main						Parent: global
---------------------------------------------------------------------------------------------
Name			Type		Initial Value	Size	Offset		Nested Table
return				int			-				4		0			NULL
i				int			-				4		4			NULL
j				int			-				4		8			NULL
k				int			-				4		12			NULL
t0				int			0				4		16			NULL
t1				int							4		20			NULL
main_0				block			-				4		24			main_0
main_1				block			-				4		28			main_1
main_2				block			-				4		32			main_2
t7				int			10				4		36			NULL
t8				int			0				4		40			NULL
---------------------------------------------------------------------------------------------

---------------------------------------------------------------------------------------------
Symbol Table : main_0						Parent: main
---------------------------------------------------------------------------------------------
Name			Type		Initial Value	Size	Offset		Nested Table
j				int			-				4		0			NULL
t2				int			0				4		4			NULL
k				int			-				4		8			NULL
t3				int			5				4		12			NULL
---------------------------------------------------------------------------------------------

---------------------------------------------------------------------------------------------
Symbol Table : main_1						Parent: main
---------------------------------------------------------------------------------------------
Name			Type		Initial Value	Size	Offset		Nested Table
j				int			-				4		0			NULL
t4				int							4		4			NULL
---------------------------------------------------------------------------------------------

---------------------------------------------------------------------------------------------
Symbol Table : main_2						Parent: main
---------------------------------------------------------------------------------------------
Name			Type		Initial Value	Size	Offset		Nested Table
i				int			-				4		0			NULL
k				int			-				4		4			NULL
t5				int							4		8			NULL
j				int			-				4		12			NULL
t6				int							4		16			NULL
---------------------------------------------------------------------------------------------

1   : main:
2   : t0 = 0
3   : i = t0
4   : if i < j goto 9
5   : goto 23
6   : t1 = i
7   : i = i + 1
8   : goto 4
9   : main_0:
10  : t2 = 0
11  : j = t2
12  : if j < k goto 14
13  : goto 6
14  : t3 = 5
15  : if j < t3 goto 20
16  : goto 6
17  : j = j + 1
18  : k = k + 1
19  : goto 12
20  : k = j
21  : goto 17
22  : goto 6
23  : if i < j goto 27
24  : goto 25
25  : if i < k goto 27
26  : goto 31
27  : main_1:
28  : t4 = j
29  : j = j - 1
30  : goto 23
31  : main_2:
32  : t5 = k
33  : k = k + 1
34  : i = t5
35  : if i < j goto 37
36  : goto 40
37  : t6 = j
38  : j = j - 1
39  : goto 35
40  : t7 = 10
41  : if k <= t7 goto 31
42  : goto 43
43  : t8 = 0
44  : return t8
