---------------------------------------------------------------------------------------------
Symbol Table : global						Parent: NULL
---------------------------------------------------------------------------------------------
Name			Type		Initial Value	Size	Offset		Nested Table
main				funct		-				4		0			main
---------------------------------------------------------------------------------------------

---------------------------------------------------------------------------------------------
Symbol Table : main						Parent: global
---------------------------------------------------------------------------------------------
Name			Type		Initial Value	Size	Offset		Nested Table
return				funct		-				4		0			NULL
x				int		-				4		4			NULL
y				int		-				4		8			NULL
z				int		-				4		12			NULL
t0				int		0				4		16			NULL
main_0				block		-				4		20			main_0
main_1				block		-				4		24			main_1
t1				int		2				4		28			NULL
t2				int		3				4		32			NULL
t3				int		4				4		36			NULL
main_2				block		-				4		40			main_2
t4				int		0				4		44			NULL
---------------------------------------------------------------------------------------------

---------------------------------------------------------------------------------------------
Symbol Table : main_0						Parent: main
---------------------------------------------------------------------------------------------
Name			Type		Initial Value	Size	Offset		Nested Table
y				int		-				4		0			NULL
t0				int		10				4		4			NULL
---------------------------------------------------------------------------------------------

---------------------------------------------------------------------------------------------
Symbol Table : main_1						Parent: main
---------------------------------------------------------------------------------------------
Name			Type		Initial Value	Size	Offset		Nested Table
y				int		-				4		0			NULL
t0				int		20				4		4			NULL
---------------------------------------------------------------------------------------------

---------------------------------------------------------------------------------------------
Symbol Table : main_2						Parent: main
---------------------------------------------------------------------------------------------
Name			Type		Initial Value	Size	Offset		Nested Table
y				int		-				4		0			NULL
x				int		-				4		4			NULL
t0				int		10				4		8			NULL
t1				int		10				4		12			NULL
t2				int		20				4		16			NULL
t3				int		-				4		20			NULL
---------------------------------------------------------------------------------------------

Three Address Codes:
1: main:
2: t0 = 0
3: if x > t0 goto 5
4: goto 9
5: main_0:
6: t0 = 10
7: y = t0
8: goto 12
9: main_1:
10: t0 = 20
11: y = t0
12: t1 = 2
13: if z == t1 goto 21
14: goto 15
15: t2 = 3
16: if x >= t2 goto 18
17: goto 35
18: t3 = 4
19: if y <= t3 goto 21
20: goto 35
21: main_2:
22: t0 = 10
23: if x > t0 goto 26
24: goto 28
25: goto 33
26: t1 = 10
27: goto 31
28: t2 = 20
29: t3 = t2
30: goto 33
31: t3 = t1
32: goto 33
33: y = t3
34: goto 35
35: t4 = 0
36: return t4
