---------------------------------------------------------------------------------------------
Symbol Table : global						Parent: NULL
---------------------------------------------------------------------------------------------
Name			Type		Initial Value	Size	Offset		Nested Table
main				funct		-				4		0			main
---------------------------------------------------------------------------------------------

---------------------------------------------------------------------------------------------
Symbol Table : main						Parent: global
---------------------------------------------------------------------------------------------
Name			Type		Initial Value	Size	Offset		Nested Table
return				funct		-				4		0			NULL
x				int		-				4		4			NULL
y				int		-				4		8			NULL
z				int		-				4		12			NULL
t0				int		0				4		16			NULL
main_0				block		-				4		20			main_0
main_1				block		-				4		24			main_1
t1				int		0				4		28			NULL
t2				int		3				4		32			NULL
t3				int		0				4		36			NULL
t4				int		10				4		40			NULL
t5				int		-				4		44			NULL
main_2				block		-				4		48			main_2
---------------------------------------------------------------------------------------------

---------------------------------------------------------------------------------------------
Symbol Table : main_0						Parent: main
---------------------------------------------------------------------------------------------
Name			Type		Initial Value	Size	Offset		Nested Table
x				int		-				4		0			NULL
t0				int		10				4		4			NULL
t1				int		0				4		8			NULL
t2				int		-				4		12			NULL
y				int		-				4		16			NULL
t3				int		10				4		20			NULL
---------------------------------------------------------------------------------------------

---------------------------------------------------------------------------------------------
Symbol Table : main_1						Parent: main
---------------------------------------------------------------------------------------------
Name			Type		Initial Value	Size	Offset		Nested Table
y				int		-				4		0			NULL
t0				int		20				4		4			NULL
---------------------------------------------------------------------------------------------

---------------------------------------------------------------------------------------------
Symbol Table : main_2						Parent: main
---------------------------------------------------------------------------------------------
Name			Type		Initial Value	Size	Offset		Nested Table
y				int		-				4		0			NULL
t0				int		30				4		4			NULL
t1				int		-				4		8			NULL
---------------------------------------------------------------------------------------------

Three Address Codes:
1: main:
2: t0 = 0
3: if x > t0 goto 5
4: goto 18
5: main_0:
6: t0 = 10
7: x = t0
8: t1 = 0
9: if x > t1 goto 14
10: goto 2
11: t2 = x
12: x = x - 1
13: goto 8
14: t3 = 10
15: y = t3
16: goto 11
17: goto 2
18: main_1:
19: t0 = 20
20: y = t0
21: t1 = 0
22: if x > t1 goto 18
23: goto 24
24: t2 = 3
25: if z <= t2 goto 18
26: goto 27
27: t3 = 0
28: z = t3
29: t4 = 10
30: if z < t4 goto 35
31: goto 
32: t5 = z
33: z = z + 1
34: goto 29
35: main_2:
36: t0 = 30
37: y = t0
38: t1 = y
39: y = y + 1
40: goto 32
