---------------------------------------------------------------------------------------------
Symbol Table : global						Parent: NULL
---------------------------------------------------------------------------------------------
Name			Type		Initial Value	Size	Offset		Nested Table
main				funct		-				4		0			main
---------------------------------------------------------------------------------------------

---------------------------------------------------------------------------------------------
Symbol Table : main						Parent: global
---------------------------------------------------------------------------------------------
Name			Type		Initial Value	Size	Offset		Nested Table
return				funct		-				4		0			NULL
x				int		-				4		4			NULL
y				int		-				4		8			NULL
z				int		-				4		12			NULL
t0				int		-				4		16			NULL
t1				int		-				4		20			NULL
t2				int		-				4		24			NULL
t3				int		10				4		28			NULL
t4				int		-				4		32			NULL
t5				int		-				4		36			NULL
t6				int		12				4		40			NULL
t7				int		-				4		44			NULL
t8				int		3				4		48			NULL
t9				int		-				4		52			NULL
t10				int		3				4		56			NULL
t11				int		-				4		60			NULL
a				float		-				8		64			NULL
t12				int		-				4		72			NULL
t13				int		-				4		76			NULL
t14				int		3				4		80			NULL
t15				int		-				4		84			NULL
t16				int		-				4		88			NULL
t17				float		-				8		92			NULL
t18				int		-				4		100			NULL
t19				int		-				4		104			NULL
t20				float		-				8		108			NULL
w				ptr(int)		-				4		116			NULL
t21				ptr(int)		-				4		120			NULL
t22				int		0				4		124			NULL
---------------------------------------------------------------------------------------------

Three Address Codes:
1: main:
2: x = x + 1
3: t0 = x
4: x = x + 1
5: t1 = y
6: y = y - 1
7: y = y - 1
8: t2 = ~x
9: t3 = 10
10: t4 = t2 + t3
11: z = t4
12: t5 = !x
13: t6 = 12
14: t7 = t5 - t6
15: y = t7
16: t8 = 3
17: t9 = y >> t8
18: x = t9
19: t10 = 3
20: t11 = y << t10
21: x = t11
22: t12 = -x
23: t13 = y * z
24: t14 = 3
25: t15 = t13 / t14
26: t16 = t12 + t15
27: t17 = int2float(t16)
28: a = t17
29: t18 = x | y
30: t19 = t18 & z
31: t20 = int2float(t19)
32: a = t20
33: t21 = &x
34: w = t21
35: t22 = 0
36: return t22
