---------------------------------------------------------------------------------------------
Symbol Table : global						Parent: NULL
---------------------------------------------------------------------------------------------
Name			Type		Initial Value	Size	Offset		Nested Table
foo				int		-				4		0			foo
add				funct		-				4		4			add
fib				funct		-				4		8			fib
main				funct		-				4		12			main
---------------------------------------------------------------------------------------------

---------------------------------------------------------------------------------------------
Symbol Table : foo						Parent: global
---------------------------------------------------------------------------------------------
Name			Type		Initial Value	Size	Offset		Nested Table
x				int		-				4		0			NULL
return				int		-				4		4			NULL
---------------------------------------------------------------------------------------------

---------------------------------------------------------------------------------------------
Symbol Table : add						Parent: global
---------------------------------------------------------------------------------------------
Name			Type		Initial Value	Size	Offset		Nested Table
a				int		-				4		0			NULL
b				int		-				4		4			NULL
return				funct		-				4		8			NULL
t0				int		-				4		12			NULL
---------------------------------------------------------------------------------------------

---------------------------------------------------------------------------------------------
Symbol Table : fib						Parent: global
---------------------------------------------------------------------------------------------
Name			Type		Initial Value	Size	Offset		Nested Table
n				int		-				4		0			NULL
return				funct		-				4		4			NULL
t0				int		0				4		8			NULL
t1				int		1				4		12			NULL
fib_0				block		-				4		16			fib_0
fib				int		-				4		20			NULL
t2				int		1				4		24			NULL
t3				int		-				4		28			NULL
t4				int		-				4		32			NULL
t5				int		2				4		36			NULL
t6				int		-				4		40			NULL
t7				int		-				4		44			NULL
t8				int		-				4		48			NULL
---------------------------------------------------------------------------------------------

---------------------------------------------------------------------------------------------
Symbol Table : fib_0						Parent: fib
---------------------------------------------------------------------------------------------
Name			Type		Initial Value	Size	Offset		Nested Table
n				int		-				4		0			NULL
---------------------------------------------------------------------------------------------

---------------------------------------------------------------------------------------------
Symbol Table : main						Parent: global
---------------------------------------------------------------------------------------------
Name			Type		Initial Value	Size	Offset		Nested Table
return				funct		-				4		0			NULL
a				int		10				4		4			NULL
t0				int		10				4		8			NULL
b				int		20				4		12			NULL
t1				int		20				4		16			NULL
c				int		30				4		20			NULL
t2				int		30				4		24			NULL
d				int		-				4		28			NULL
add				int		-				4		32			NULL
t3				int		-				4		36			NULL
e				int		-				4		40			NULL
fib				int		-				4		44			NULL
t4				int		-				4		48			NULL
t5				int		0				4		52			NULL
---------------------------------------------------------------------------------------------

Three Address Codes:
1: add:
2: t0 = a + b
3: return t0
4: fib:
5: t0 = 0
6: if n == t0 goto 11
7: goto 8
8: t1 = 1
9: if n == t1 goto 11
10: goto 14
11: fib_0:
12: return n
13: goto 14
14: t2 = 1
15: t3 = n - t2
16: param t3
17: t4 = call fib, 1
18: t5 = 2
19: t6 = n - t5
20: param t6
21: t7 = call fib, 1
22: t8 = t4 + t7
23: return t8
24: main:
25: t0 = 10
26: a = t0
27: t1 = 20
28: b = t1
29: t2 = 30
30: c = t2
31: param a
32: param b
33: t3 = call add, 2
34: d = t3
35: param c
36: t4 = call fib, 1
37: e = t4
38: t5 = 0
39: return t5
